------------------------------
Fri Jan 05 2018 3:41:02 PM
GET /
HEADERS=> {
  "host": "localhost:5000",
  "connection": "keep-alive",
  "pragma": "no-cache",
  "cache-control": "no-cache",
  "user-agent": "Mozilla/5.0 (Macintosh; Intel Mac OS X 10_12_6) AppleWebKit/537.36 (KHTML, like Gecko) Chrome/63.0.3239.84 Safari/537.36",
  "upgrade-insecure-requests": "1",
  "accept": "text/html,application/xhtml+xml,application/xml;q=0.9,image/webp,image/apng,*/*;q=0.8",
  "accept-encoding": "gzip, deflate, br",
  "accept-language": "en-US,en;q=0.9",
  "cookie": "logInFailed=true; loginFailed=false,Expires=Thu, 01 Jan 1970 00:00:00 GMT; sessionid=0,Expires=Thu, 01 Jan 1970 00:00:00 GMT"
}
COOKIES=> {
  "logInFailed": "true",
  "loginFailed": "false,Expires",
  "sessionid": "0,Expires"
}
BODY=> undefined
------------------------------
Fri Jan 05 2018 3:41:02 PM
GET /login
HEADERS=> {
  "host": "localhost:5000",
  "connection": "keep-alive",
  "pragma": "no-cache",
  "cache-control": "no-cache",
  "user-agent": "Mozilla/5.0 (Macintosh; Intel Mac OS X 10_12_6) AppleWebKit/537.36 (KHTML, like Gecko) Chrome/63.0.3239.84 Safari/537.36",
  "upgrade-insecure-requests": "1",
  "accept": "text/html,application/xhtml+xml,application/xml;q=0.9,image/webp,image/apng,*/*;q=0.8",
  "accept-encoding": "gzip, deflate, br",
  "accept-language": "en-US,en;q=0.9",
  "cookie": "logInFailed=true; loginFailed=false,Expires=Thu, 01 Jan 1970 00:00:00 GMT; sessionid=0,Expires=Thu, 01 Jan 1970 00:00:00 GMT"
}
COOKIES=> {
  "logInFailed": "true",
  "loginFailed": "false,Expires",
  "sessionid": "0,Expires"
}
BODY=> undefined
------------------------------
Fri Jan 05 2018 3:41:03 PM
GET /favicon.ico
HEADERS=> {
  "host": "localhost:5000",
  "connection": "keep-alive",
  "user-agent": "Mozilla/5.0 (Macintosh; Intel Mac OS X 10_12_6) AppleWebKit/537.36 (KHTML, like Gecko) Chrome/63.0.3239.84 Safari/537.36",
  "accept": "image/webp,image/apng,image/*,*/*;q=0.8",
  "referer": "http://localhost:5000/login",
  "accept-encoding": "gzip, deflate, br",
  "accept-language": "en-US,en;q=0.9",
  "cookie": "logInFailed=true; loginFailed=false,Expires=Thu, 01 Jan 1970 00:00:00 GMT; sessionid=0,Expires=Thu, 01 Jan 1970 00:00:00 GMT"
}
COOKIES=> {
  "logInFailed": "true",
  "loginFailed": "false,Expires",
  "sessionid": "0,Expires"
}
BODY=> undefined
------------------------------
Fri Jan 05 2018 3:41:11 PM
POST /login
HEADERS=> {
  "host": "localhost:5000",
  "connection": "keep-alive",
  "content-length": "30",
  "cache-control": "max-age=0",
  "origin": "http://localhost:5000",
  "upgrade-insecure-requests": "1",
  "content-type": "application/x-www-form-urlencoded",
  "user-agent": "Mozilla/5.0 (Macintosh; Intel Mac OS X 10_12_6) AppleWebKit/537.36 (KHTML, like Gecko) Chrome/63.0.3239.84 Safari/537.36",
  "accept": "text/html,application/xhtml+xml,application/xml;q=0.9,image/webp,image/apng,*/*;q=0.8",
  "referer": "http://localhost:5000/login",
  "accept-encoding": "gzip, deflate, br",
  "accept-language": "en-US,en;q=0.9",
  "cookie": "logInFailed=true; loginFailed=false,Expires=Thu, 01 Jan 1970 00:00:00 GMT; sessionid=0,Expires=Thu, 01 Jan 1970 00:00:00 GMT"
}
COOKIES=> {
  "logInFailed": "true",
  "loginFailed": "false,Expires",
  "sessionid": "0,Expires"
}
BODY=> {
  "userName": "bhanutv",
  "place": "djnksad"
}
------------------------------
Fri Jan 05 2018 3:41:11 PM
GET /home
HEADERS=> {
  "host": "localhost:5000",
  "connection": "keep-alive",
  "cache-control": "max-age=0",
  "upgrade-insecure-requests": "1",
  "user-agent": "Mozilla/5.0 (Macintosh; Intel Mac OS X 10_12_6) AppleWebKit/537.36 (KHTML, like Gecko) Chrome/63.0.3239.84 Safari/537.36",
  "accept": "text/html,application/xhtml+xml,application/xml;q=0.9,image/webp,image/apng,*/*;q=0.8",
  "referer": "http://localhost:5000/login",
  "accept-encoding": "gzip, deflate, br",
  "accept-language": "en-US,en;q=0.9",
  "cookie": "logInFailed=true; loginFailed=false,Expires=Thu, 01 Jan 1970 00:00:00 GMT; sessionid=1515147071774"
}
COOKIES=> {
  "logInFailed": "true",
  "loginFailed": "false,Expires",
  "sessionid": "1515147071774"
}
BODY=> undefined
------------------------------
Fri Jan 05 2018 3:41:18 PM
GET /logout
HEADERS=> {
  "host": "localhost:5000",
  "connection": "keep-alive",
  "user-agent": "Mozilla/5.0 (Macintosh; Intel Mac OS X 10_12_6) AppleWebKit/537.36 (KHTML, like Gecko) Chrome/63.0.3239.84 Safari/537.36",
  "upgrade-insecure-requests": "1",
  "accept": "text/html,application/xhtml+xml,application/xml;q=0.9,image/webp,image/apng,*/*;q=0.8",
  "accept-encoding": "gzip, deflate, br",
  "accept-language": "en-US,en;q=0.9",
  "cookie": "logInFailed=true; loginFailed=false,Expires=Thu, 01 Jan 1970 00:00:00 GMT; sessionid=1515147071774"
}
COOKIES=> {
  "logInFailed": "true",
  "loginFailed": "false,Expires",
  "sessionid": "1515147071774"
}
BODY=> undefined
------------------------------
Fri Jan 05 2018 3:41:18 PM
GET /login
HEADERS=> {
  "host": "localhost:5000",
  "connection": "keep-alive",
  "user-agent": "Mozilla/5.0 (Macintosh; Intel Mac OS X 10_12_6) AppleWebKit/537.36 (KHTML, like Gecko) Chrome/63.0.3239.84 Safari/537.36",
  "upgrade-insecure-requests": "1",
  "accept": "text/html,application/xhtml+xml,application/xml;q=0.9,image/webp,image/apng,*/*;q=0.8",
  "accept-encoding": "gzip, deflate, br",
  "accept-language": "en-US,en;q=0.9",
  "cookie": "logInFailed=true; loginFailed=false,Expires=Thu, 01 Jan 1970 00:00:00 GMT; sessionid=0,Expires=Thu, 01 Jan 1970 00:00:00 GMT"
}
COOKIES=> {
  "logInFailed": "true",
  "loginFailed": "false,Expires",
  "sessionid": "0,Expires"
}
BODY=> undefined
------------------------------
Fri Jan 05 2018 3:41:27 PM
POST /login
HEADERS=> {
  "host": "localhost:5000",
  "connection": "keep-alive",
  "content-length": "26",
  "cache-control": "max-age=0",
  "origin": "http://localhost:5000",
  "upgrade-insecure-requests": "1",
  "content-type": "application/x-www-form-urlencoded",
  "user-agent": "Mozilla/5.0 (Macintosh; Intel Mac OS X 10_12_6) AppleWebKit/537.36 (KHTML, like Gecko) Chrome/63.0.3239.84 Safari/537.36",
  "accept": "text/html,application/xhtml+xml,application/xml;q=0.9,image/webp,image/apng,*/*;q=0.8",
  "referer": "http://localhost:5000/login",
  "accept-encoding": "gzip, deflate, br",
  "accept-language": "en-US,en;q=0.9",
  "cookie": "logInFailed=true; loginFailed=false,Expires=Thu, 01 Jan 1970 00:00:00 GMT; sessionid=0,Expires=Thu, 01 Jan 1970 00:00:00 GMT"
}
COOKIES=> {
  "logInFailed": "true",
  "loginFailed": "false,Expires",
  "sessionid": "0,Expires"
}
BODY=> {
  "userName": "harshab",
  "place": "ewd"
}
------------------------------
Fri Jan 05 2018 3:41:27 PM
GET /home
HEADERS=> {
  "host": "localhost:5000",
  "connection": "keep-alive",
  "cache-control": "max-age=0",
  "upgrade-insecure-requests": "1",
  "user-agent": "Mozilla/5.0 (Macintosh; Intel Mac OS X 10_12_6) AppleWebKit/537.36 (KHTML, like Gecko) Chrome/63.0.3239.84 Safari/537.36",
  "accept": "text/html,application/xhtml+xml,application/xml;q=0.9,image/webp,image/apng,*/*;q=0.8",
  "referer": "http://localhost:5000/login",
  "accept-encoding": "gzip, deflate, br",
  "accept-language": "en-US,en;q=0.9",
  "cookie": "logInFailed=true; loginFailed=false,Expires=Thu, 01 Jan 1970 00:00:00 GMT; sessionid=1515147087437"
}
COOKIES=> {
  "logInFailed": "true",
  "loginFailed": "false,Expires",
  "sessionid": "1515147087437"
}
BODY=> undefined
------------------------------
Fri Jan 05 2018 3:43:57 PM
GET /home
HEADERS=> {
  "host": "localhost:5000",
  "connection": "keep-alive",
  "pragma": "no-cache",
  "cache-control": "no-cache",
  "user-agent": "Mozilla/5.0 (Macintosh; Intel Mac OS X 10_12_6) AppleWebKit/537.36 (KHTML, like Gecko) Chrome/63.0.3239.84 Safari/537.36",
  "upgrade-insecure-requests": "1",
  "accept": "text/html,application/xhtml+xml,application/xml;q=0.9,image/webp,image/apng,*/*;q=0.8",
  "referer": "http://localhost:5000/login",
  "accept-encoding": "gzip, deflate, br",
  "accept-language": "en-US,en;q=0.9",
  "cookie": "logInFailed=true; loginFailed=false,Expires=Thu, 01 Jan 1970 00:00:00 GMT; sessionid=1515147087437"
}
COOKIES=> {
  "logInFailed": "true",
  "loginFailed": "false,Expires",
  "sessionid": "1515147087437"
}
BODY=> undefined
------------------------------
Fri Jan 05 2018 3:43:58 PM
GET /login
HEADERS=> {
  "host": "localhost:5000",
  "connection": "keep-alive",
  "pragma": "no-cache",
  "cache-control": "no-cache",
  "user-agent": "Mozilla/5.0 (Macintosh; Intel Mac OS X 10_12_6) AppleWebKit/537.36 (KHTML, like Gecko) Chrome/63.0.3239.84 Safari/537.36",
  "upgrade-insecure-requests": "1",
  "accept": "text/html,application/xhtml+xml,application/xml;q=0.9,image/webp,image/apng,*/*;q=0.8",
  "referer": "http://localhost:5000/login",
  "accept-encoding": "gzip, deflate, br",
  "accept-language": "en-US,en;q=0.9",
  "cookie": "logInFailed=true; loginFailed=false,Expires=Thu, 01 Jan 1970 00:00:00 GMT; sessionid=1515147087437"
}
COOKIES=> {
  "logInFailed": "true",
  "loginFailed": "false,Expires",
  "sessionid": "1515147087437"
}
BODY=> undefined
------------------------------
Fri Jan 05 2018 3:43:58 PM
GET /favicon.ico
HEADERS=> {
  "host": "localhost:5000",
  "connection": "keep-alive",
  "user-agent": "Mozilla/5.0 (Macintosh; Intel Mac OS X 10_12_6) AppleWebKit/537.36 (KHTML, like Gecko) Chrome/63.0.3239.84 Safari/537.36",
  "accept": "image/webp,image/apng,image/*,*/*;q=0.8",
  "referer": "http://localhost:5000/login",
  "accept-encoding": "gzip, deflate, br",
  "accept-language": "en-US,en;q=0.9",
  "cookie": "logInFailed=true; loginFailed=false,Expires=Thu, 01 Jan 1970 00:00:00 GMT; sessionid=1515147087437"
}
COOKIES=> {
  "logInFailed": "true",
  "loginFailed": "false,Expires",
  "sessionid": "1515147087437"
}
BODY=> undefined
------------------------------
Fri Jan 05 2018 3:56:48 PM
GET /
HEADERS=> {
  "host": "localhost:5000",
  "connection": "keep-alive",
  "user-agent": "Mozilla/5.0 (Macintosh; Intel Mac OS X 10_12_6) AppleWebKit/537.36 (KHTML, like Gecko) Chrome/63.0.3239.84 Safari/537.36",
  "upgrade-insecure-requests": "1",
  "accept": "text/html,application/xhtml+xml,application/xml;q=0.9,image/webp,image/apng,*/*;q=0.8",
  "accept-encoding": "gzip, deflate, br",
  "accept-language": "en-US,en;q=0.9",
  "cookie": "logInFailed=true; loginFailed=false,Expires=Thu, 01 Jan 1970 00:00:00 GMT; sessionid=1515147087437"
}
COOKIES=> {
  "logInFailed": "true",
  "loginFailed": "false,Expires",
  "sessionid": "1515147087437"
}
BODY=> undefined
------------------------------
Fri Jan 05 2018 3:56:48 PM
GET /login
HEADERS=> {
  "host": "localhost:5000",
  "connection": "keep-alive",
  "user-agent": "Mozilla/5.0 (Macintosh; Intel Mac OS X 10_12_6) AppleWebKit/537.36 (KHTML, like Gecko) Chrome/63.0.3239.84 Safari/537.36",
  "upgrade-insecure-requests": "1",
  "accept": "text/html,application/xhtml+xml,application/xml;q=0.9,image/webp,image/apng,*/*;q=0.8",
  "accept-encoding": "gzip, deflate, br",
  "accept-language": "en-US,en;q=0.9",
  "cookie": "logInFailed=true; loginFailed=false,Expires=Thu, 01 Jan 1970 00:00:00 GMT; sessionid=1515147087437"
}
COOKIES=> {
  "logInFailed": "true",
  "loginFailed": "false,Expires",
  "sessionid": "1515147087437"
}
BODY=> undefined
------------------------------
Fri Jan 05 2018 3:56:57 PM
GET /guestBook
HEADERS=> {
  "host": "localhost:5000",
  "connection": "keep-alive",
  "user-agent": "Mozilla/5.0 (Macintosh; Intel Mac OS X 10_12_6) AppleWebKit/537.36 (KHTML, like Gecko) Chrome/63.0.3239.84 Safari/537.36",
  "upgrade-insecure-requests": "1",
  "accept": "text/html,application/xhtml+xml,application/xml;q=0.9,image/webp,image/apng,*/*;q=0.8",
  "accept-encoding": "gzip, deflate, br",
  "accept-language": "en-US,en;q=0.9",
  "cookie": "logInFailed=true; loginFailed=false,Expires=Thu, 01 Jan 1970 00:00:00 GMT; sessionid=1515147087437"
}
COOKIES=> {
  "logInFailed": "true",
  "loginFailed": "false,Expires",
  "sessionid": "1515147087437"
}
BODY=> undefined
------------------------------
Fri Jan 05 2018 3:56:57 PM
GET /public/guestBook.html
HEADERS=> {
  "host": "localhost:5000",
  "connection": "keep-alive",
  "user-agent": "Mozilla/5.0 (Macintosh; Intel Mac OS X 10_12_6) AppleWebKit/537.36 (KHTML, like Gecko) Chrome/63.0.3239.84 Safari/537.36",
  "upgrade-insecure-requests": "1",
  "accept": "text/html,application/xhtml+xml,application/xml;q=0.9,image/webp,image/apng,*/*;q=0.8",
  "accept-encoding": "gzip, deflate, br",
  "accept-language": "en-US,en;q=0.9",
  "cookie": "logInFailed=true; loginFailed=false,Expires=Thu, 01 Jan 1970 00:00:00 GMT; sessionid=1515147087437"
}
COOKIES=> {
  "logInFailed": "true",
  "loginFailed": "false,Expires",
  "sessionid": "1515147087437"
}
BODY=> undefined
------------------------------
Fri Jan 05 2018 4:00:39 PM
GET /
HEADERS=> {
  "host": "localhost:5000",
  "connection": "keep-alive",
  "user-agent": "Mozilla/5.0 (Macintosh; Intel Mac OS X 10_12_6) AppleWebKit/537.36 (KHTML, like Gecko) Chrome/63.0.3239.84 Safari/537.36",
  "upgrade-insecure-requests": "1",
  "accept": "text/html,application/xhtml+xml,application/xml;q=0.9,image/webp,image/apng,*/*;q=0.8",
  "accept-encoding": "gzip, deflate, br",
  "accept-language": "en-US,en;q=0.9",
  "cookie": "logInFailed=true; loginFailed=false,Expires=Thu, 01 Jan 1970 00:00:00 GMT; sessionid=1515147087437"
}
COOKIES=> {
  "logInFailed": "true",
  "loginFailed": "false,Expires",
  "sessionid": "1515147087437"
}
BODY=> undefined
------------------------------
Fri Jan 05 2018 4:00:40 PM
GET /login
HEADERS=> {
  "host": "localhost:5000",
  "connection": "keep-alive",
  "user-agent": "Mozilla/5.0 (Macintosh; Intel Mac OS X 10_12_6) AppleWebKit/537.36 (KHTML, like Gecko) Chrome/63.0.3239.84 Safari/537.36",
  "upgrade-insecure-requests": "1",
  "accept": "text/html,application/xhtml+xml,application/xml;q=0.9,image/webp,image/apng,*/*;q=0.8",
  "accept-encoding": "gzip, deflate, br",
  "accept-language": "en-US,en;q=0.9",
  "cookie": "logInFailed=true; loginFailed=false,Expires=Thu, 01 Jan 1970 00:00:00 GMT; sessionid=1515147087437"
}
COOKIES=> {
  "logInFailed": "true",
  "loginFailed": "false,Expires",
  "sessionid": "1515147087437"
}
BODY=> undefined
------------------------------
Fri Jan 05 2018 4:00:58 PM
GET /guestBook
HEADERS=> {
  "host": "localhost:5000",
  "connection": "keep-alive",
  "user-agent": "Mozilla/5.0 (Macintosh; Intel Mac OS X 10_12_6) AppleWebKit/537.36 (KHTML, like Gecko) Chrome/63.0.3239.84 Safari/537.36",
  "upgrade-insecure-requests": "1",
  "accept": "text/html,application/xhtml+xml,application/xml;q=0.9,image/webp,image/apng,*/*;q=0.8",
  "accept-encoding": "gzip, deflate, br",
  "accept-language": "en-US,en;q=0.9",
  "cookie": "logInFailed=true; loginFailed=false,Expires=Thu, 01 Jan 1970 00:00:00 GMT; sessionid=1515147087437"
}
COOKIES=> {
  "logInFailed": "true",
  "loginFailed": "false,Expires",
  "sessionid": "1515147087437"
}
BODY=> undefined
------------------------------
Fri Jan 05 2018 4:00:58 PM
GET /guestBook.html
HEADERS=> {
  "host": "localhost:5000",
  "connection": "keep-alive",
  "user-agent": "Mozilla/5.0 (Macintosh; Intel Mac OS X 10_12_6) AppleWebKit/537.36 (KHTML, like Gecko) Chrome/63.0.3239.84 Safari/537.36",
  "upgrade-insecure-requests": "1",
  "accept": "text/html,application/xhtml+xml,application/xml;q=0.9,image/webp,image/apng,*/*;q=0.8",
  "accept-encoding": "gzip, deflate, br",
  "accept-language": "en-US,en;q=0.9",
  "cookie": "logInFailed=true; loginFailed=false,Expires=Thu, 01 Jan 1970 00:00:00 GMT; sessionid=1515147087437"
}
COOKIES=> {
  "logInFailed": "true",
  "loginFailed": "false,Expires",
  "sessionid": "1515147087437"
}
BODY=> undefined
------------------------------
Fri Jan 05 2018 4:17:18 PM
GET /
HEADERS=> {
  "host": "localhost:5000",
  "connection": "keep-alive",
  "user-agent": "Mozilla/5.0 (Macintosh; Intel Mac OS X 10_12_6) AppleWebKit/537.36 (KHTML, like Gecko) Chrome/63.0.3239.84 Safari/537.36",
  "upgrade-insecure-requests": "1",
  "accept": "text/html,application/xhtml+xml,application/xml;q=0.9,image/webp,image/apng,*/*;q=0.8",
  "accept-encoding": "gzip, deflate, br",
  "accept-language": "en-US,en;q=0.9",
  "cookie": "logInFailed=true; loginFailed=false,Expires=Thu, 01 Jan 1970 00:00:00 GMT; sessionid=1515147087437"
}
COOKIES=> {
  "logInFailed": "true",
  "loginFailed": "false,Expires",
  "sessionid": "1515147087437"
}
BODY=> undefined
------------------------------
Fri Jan 05 2018 4:17:18 PM
GET /login
HEADERS=> {
  "host": "localhost:5000",
  "connection": "keep-alive",
  "user-agent": "Mozilla/5.0 (Macintosh; Intel Mac OS X 10_12_6) AppleWebKit/537.36 (KHTML, like Gecko) Chrome/63.0.3239.84 Safari/537.36",
  "upgrade-insecure-requests": "1",
  "accept": "text/html,application/xhtml+xml,application/xml;q=0.9,image/webp,image/apng,*/*;q=0.8",
  "accept-encoding": "gzip, deflate, br",
  "accept-language": "en-US,en;q=0.9",
  "cookie": "logInFailed=true; loginFailed=false,Expires=Thu, 01 Jan 1970 00:00:00 GMT; sessionid=1515147087437"
}
COOKIES=> {
  "logInFailed": "true",
  "loginFailed": "false,Expires",
  "sessionid": "1515147087437"
}
BODY=> undefined
------------------------------
Fri Jan 05 2018 4:17:28 PM
GET /guestBook
HEADERS=> {
  "host": "localhost:5000",
  "connection": "keep-alive",
  "user-agent": "Mozilla/5.0 (Macintosh; Intel Mac OS X 10_12_6) AppleWebKit/537.36 (KHTML, like Gecko) Chrome/63.0.3239.84 Safari/537.36",
  "upgrade-insecure-requests": "1",
  "accept": "text/html,application/xhtml+xml,application/xml;q=0.9,image/webp,image/apng,*/*;q=0.8",
  "accept-encoding": "gzip, deflate, br",
  "accept-language": "en-US,en;q=0.9",
  "cookie": "logInFailed=true; loginFailed=false,Expires=Thu, 01 Jan 1970 00:00:00 GMT; sessionid=1515147087437"
}
COOKIES=> {
  "logInFailed": "true",
  "loginFailed": "false,Expires",
  "sessionid": "1515147087437"
}
BODY=> undefined
------------------------------
Fri Jan 05 2018 4:18:29 PM
GET /
HEADERS=> {
  "host": "localhost:5000",
  "connection": "keep-alive",
  "user-agent": "Mozilla/5.0 (Macintosh; Intel Mac OS X 10_12_6) AppleWebKit/537.36 (KHTML, like Gecko) Chrome/63.0.3239.84 Safari/537.36",
  "upgrade-insecure-requests": "1",
  "accept": "text/html,application/xhtml+xml,application/xml;q=0.9,image/webp,image/apng,*/*;q=0.8",
  "accept-encoding": "gzip, deflate, br",
  "accept-language": "en-US,en;q=0.9",
  "cookie": "logInFailed=true; loginFailed=false,Expires=Thu, 01 Jan 1970 00:00:00 GMT; sessionid=1515147087437"
}
COOKIES=> {
  "logInFailed": "true",
  "loginFailed": "false,Expires",
  "sessionid": "1515147087437"
}
BODY=> undefined
------------------------------
Fri Jan 05 2018 4:18:29 PM
GET /login
HEADERS=> {
  "host": "localhost:5000",
  "connection": "keep-alive",
  "user-agent": "Mozilla/5.0 (Macintosh; Intel Mac OS X 10_12_6) AppleWebKit/537.36 (KHTML, like Gecko) Chrome/63.0.3239.84 Safari/537.36",
  "upgrade-insecure-requests": "1",
  "accept": "text/html,application/xhtml+xml,application/xml;q=0.9,image/webp,image/apng,*/*;q=0.8",
  "accept-encoding": "gzip, deflate, br",
  "accept-language": "en-US,en;q=0.9",
  "cookie": "logInFailed=true; loginFailed=false,Expires=Thu, 01 Jan 1970 00:00:00 GMT; sessionid=1515147087437"
}
COOKIES=> {
  "logInFailed": "true",
  "loginFailed": "false,Expires",
  "sessionid": "1515147087437"
}
BODY=> undefined
------------------------------
Fri Jan 05 2018 4:19:58 PM
GET /login
HEADERS=> {
  "host": "localhost:5000",
  "connection": "keep-alive",
  "pragma": "no-cache",
  "cache-control": "no-cache",
  "user-agent": "Mozilla/5.0 (Macintosh; Intel Mac OS X 10_12_6) AppleWebKit/537.36 (KHTML, like Gecko) Chrome/63.0.3239.84 Safari/537.36",
  "upgrade-insecure-requests": "1",
  "accept": "text/html,application/xhtml+xml,application/xml;q=0.9,image/webp,image/apng,*/*;q=0.8",
  "accept-encoding": "gzip, deflate, br",
  "accept-language": "en-US,en;q=0.9",
  "cookie": "logInFailed=true; loginFailed=false,Expires=Thu, 01 Jan 1970 00:00:00 GMT; sessionid=1515147087437"
}
COOKIES=> {
  "logInFailed": "true",
  "loginFailed": "false,Expires",
  "sessionid": "1515147087437"
}
BODY=> undefined
------------------------------
Fri Jan 05 2018 4:20:32 PM
GET /login
HEADERS=> {
  "host": "localhost:5000",
  "connection": "keep-alive",
  "pragma": "no-cache",
  "cache-control": "no-cache",
  "user-agent": "Mozilla/5.0 (Macintosh; Intel Mac OS X 10_12_6) AppleWebKit/537.36 (KHTML, like Gecko) Chrome/63.0.3239.84 Safari/537.36",
  "upgrade-insecure-requests": "1",
  "accept": "text/html,application/xhtml+xml,application/xml;q=0.9,image/webp,image/apng,*/*;q=0.8",
  "accept-encoding": "gzip, deflate, br",
  "accept-language": "en-US,en;q=0.9",
  "cookie": "logInFailed=true; loginFailed=false,Expires=Thu, 01 Jan 1970 00:00:00 GMT; sessionid=1515147087437"
}
COOKIES=> {
  "logInFailed": "true",
  "loginFailed": "false,Expires",
  "sessionid": "1515147087437"
}
BODY=> undefined
------------------------------
Fri Jan 05 2018 4:45:29 PM
GET /login
HEADERS=> {
  "host": "localhost:5000",
  "connection": "keep-alive",
  "pragma": "no-cache",
  "cache-control": "no-cache",
  "user-agent": "Mozilla/5.0 (Macintosh; Intel Mac OS X 10_12_6) AppleWebKit/537.36 (KHTML, like Gecko) Chrome/63.0.3239.84 Safari/537.36",
  "upgrade-insecure-requests": "1",
  "accept": "text/html,application/xhtml+xml,application/xml;q=0.9,image/webp,image/apng,*/*;q=0.8",
  "accept-encoding": "gzip, deflate, br",
  "accept-language": "en-US,en;q=0.9",
  "cookie": "logInFailed=true; loginFailed=false,Expires=Thu, 01 Jan 1970 00:00:00 GMT; sessionid=1515147087437"
}
COOKIES=> {
  "logInFailed": "true",
  "loginFailed": "false,Expires",
  "sessionid": "1515147087437"
}
BODY=> undefined
------------------------------
Fri Jan 05 2018 4:46:21 PM
GET /login
HEADERS=> {
  "host": "localhost:5000",
  "connection": "keep-alive",
  "pragma": "no-cache",
  "cache-control": "no-cache",
  "user-agent": "Mozilla/5.0 (Macintosh; Intel Mac OS X 10_12_6) AppleWebKit/537.36 (KHTML, like Gecko) Chrome/63.0.3239.84 Safari/537.36",
  "upgrade-insecure-requests": "1",
  "accept": "text/html,application/xhtml+xml,application/xml;q=0.9,image/webp,image/apng,*/*;q=0.8",
  "accept-encoding": "gzip, deflate, br",
  "accept-language": "en-US,en;q=0.9",
  "cookie": "logInFailed=true; loginFailed=false,Expires=Thu, 01 Jan 1970 00:00:00 GMT; sessionid=1515147087437"
}
COOKIES=> {
  "logInFailed": "true",
  "loginFailed": "false,Expires",
  "sessionid": "1515147087437"
}
BODY=> undefined
------------------------------
Fri Jan 05 2018 4:47:25 PM
GET /login
HEADERS=> {
  "host": "localhost:5000",
  "connection": "keep-alive",
  "pragma": "no-cache",
  "cache-control": "no-cache",
  "user-agent": "Mozilla/5.0 (Macintosh; Intel Mac OS X 10_12_6) AppleWebKit/537.36 (KHTML, like Gecko) Chrome/63.0.3239.84 Safari/537.36",
  "upgrade-insecure-requests": "1",
  "accept": "text/html,application/xhtml+xml,application/xml;q=0.9,image/webp,image/apng,*/*;q=0.8",
  "accept-encoding": "gzip, deflate, br",
  "accept-language": "en-US,en;q=0.9",
  "cookie": "logInFailed=true; loginFailed=false,Expires=Thu, 01 Jan 1970 00:00:00 GMT; sessionid=1515147087437"
}
COOKIES=> {
  "logInFailed": "true",
  "loginFailed": "false,Expires",
  "sessionid": "1515147087437"
}
BODY=> undefined
------------------------------
Fri Jan 05 2018 4:48:15 PM
GET /login
HEADERS=> {
  "host": "localhost:5000",
  "connection": "keep-alive",
  "pragma": "no-cache",
  "cache-control": "no-cache",
  "user-agent": "Mozilla/5.0 (Macintosh; Intel Mac OS X 10_12_6) AppleWebKit/537.36 (KHTML, like Gecko) Chrome/63.0.3239.84 Safari/537.36",
  "upgrade-insecure-requests": "1",
  "accept": "text/html,application/xhtml+xml,application/xml;q=0.9,image/webp,image/apng,*/*;q=0.8",
  "accept-encoding": "gzip, deflate, br",
  "accept-language": "en-US,en;q=0.9",
  "cookie": "logInFailed=true; loginFailed=false,Expires=Thu, 01 Jan 1970 00:00:00 GMT; sessionid=1515147087437"
}
COOKIES=> {
  "logInFailed": "true",
  "loginFailed": "false,Expires",
  "sessionid": "1515147087437"
}
BODY=> undefined
------------------------------
Fri Jan 05 2018 4:49:05 PM
GET /login
HEADERS=> {
  "host": "localhost:5000",
  "connection": "keep-alive",
  "pragma": "no-cache",
  "cache-control": "no-cache",
  "user-agent": "Mozilla/5.0 (Macintosh; Intel Mac OS X 10_12_6) AppleWebKit/537.36 (KHTML, like Gecko) Chrome/63.0.3239.84 Safari/537.36",
  "upgrade-insecure-requests": "1",
  "accept": "text/html,application/xhtml+xml,application/xml;q=0.9,image/webp,image/apng,*/*;q=0.8",
  "accept-encoding": "gzip, deflate, br",
  "accept-language": "en-US,en;q=0.9",
  "cookie": "logInFailed=true; loginFailed=false,Expires=Thu, 01 Jan 1970 00:00:00 GMT; sessionid=1515147087437"
}
COOKIES=> {
  "logInFailed": "true",
  "loginFailed": "false,Expires",
  "sessionid": "1515147087437"
}
BODY=> undefined
------------------------------
Fri Jan 05 2018 4:49:05 PM
GET /favicon.ico
HEADERS=> {
  "host": "localhost:5000",
  "connection": "keep-alive",
  "pragma": "no-cache",
  "cache-control": "no-cache",
  "user-agent": "Mozilla/5.0 (Macintosh; Intel Mac OS X 10_12_6) AppleWebKit/537.36 (KHTML, like Gecko) Chrome/63.0.3239.84 Safari/537.36",
  "accept": "image/webp,image/apng,image/*,*/*;q=0.8",
  "referer": "http://localhost:5000/login",
  "accept-encoding": "gzip, deflate, br",
  "accept-language": "en-US,en;q=0.9",
  "cookie": "logInFailed=true; loginFailed=false,Expires=Thu, 01 Jan 1970 00:00:00 GMT; sessionid=1515147087437"
}
COOKIES=> {
  "logInFailed": "true",
  "loginFailed": "false,Expires",
  "sessionid": "1515147087437"
}
BODY=> undefined
------------------------------
Fri Jan 05 2018 4:49:11 PM
GET /login
HEADERS=> {
  "host": "localhost:5000",
  "connection": "keep-alive",
  "pragma": "no-cache",
  "cache-control": "no-cache",
  "user-agent": "Mozilla/5.0 (Macintosh; Intel Mac OS X 10_12_6) AppleWebKit/537.36 (KHTML, like Gecko) Chrome/63.0.3239.84 Safari/537.36",
  "upgrade-insecure-requests": "1",
  "accept": "text/html,application/xhtml+xml,application/xml;q=0.9,image/webp,image/apng,*/*;q=0.8",
  "accept-encoding": "gzip, deflate, br",
  "accept-language": "en-US,en;q=0.9",
  "cookie": "logInFailed=true; loginFailed=false,Expires=Thu, 01 Jan 1970 00:00:00 GMT; sessionid=1515147087437"
}
COOKIES=> {
  "logInFailed": "true",
  "loginFailed": "false,Expires",
  "sessionid": "1515147087437"
}
BODY=> undefined
------------------------------
Fri Jan 05 2018 4:49:11 PM
GET /favicon.ico
HEADERS=> {
  "host": "localhost:5000",
  "connection": "keep-alive",
  "pragma": "no-cache",
  "cache-control": "no-cache",
  "user-agent": "Mozilla/5.0 (Macintosh; Intel Mac OS X 10_12_6) AppleWebKit/537.36 (KHTML, like Gecko) Chrome/63.0.3239.84 Safari/537.36",
  "accept": "image/webp,image/apng,image/*,*/*;q=0.8",
  "referer": "http://localhost:5000/login",
  "accept-encoding": "gzip, deflate, br",
  "accept-language": "en-US,en;q=0.9",
  "cookie": "logInFailed=true; loginFailed=false,Expires=Thu, 01 Jan 1970 00:00:00 GMT; sessionid=1515147087437"
}
COOKIES=> {
  "logInFailed": "true",
  "loginFailed": "false,Expires",
  "sessionid": "1515147087437"
}
BODY=> undefined
------------------------------
Fri Jan 05 2018 4:50:03 PM
GET /login
HEADERS=> {
  "host": "localhost:5000",
  "connection": "keep-alive",
  "cache-control": "max-age=0",
  "upgrade-insecure-requests": "1",
  "user-agent": "Mozilla/5.0 (Macintosh; Intel Mac OS X 10_12_6) AppleWebKit/537.36 (KHTML, like Gecko) Chrome/63.0.3239.84 Safari/537.36",
  "accept": "text/html,application/xhtml+xml,application/xml;q=0.9,image/webp,image/apng,*/*;q=0.8",
  "accept-encoding": "gzip, deflate, br",
  "accept-language": "en-US,en;q=0.9",
  "cookie": "logInFailed=true; loginFailed=false,Expires=Thu, 01 Jan 1970 00:00:00 GMT; sessionid=1515147087437"
}
COOKIES=> {
  "logInFailed": "true",
  "loginFailed": "false,Expires",
  "sessionid": "1515147087437"
}
BODY=> undefined
------------------------------
Fri Jan 05 2018 4:53:35 PM
GET /
HEADERS=> {
  "host": "localhost:5000",
  "connection": "keep-alive",
  "user-agent": "Mozilla/5.0 (Macintosh; Intel Mac OS X 10_12_6) AppleWebKit/537.36 (KHTML, like Gecko) Chrome/63.0.3239.84 Safari/537.36",
  "upgrade-insecure-requests": "1",
  "accept": "text/html,application/xhtml+xml,application/xml;q=0.9,image/webp,image/apng,*/*;q=0.8",
  "accept-encoding": "gzip, deflate, br",
  "accept-language": "en-US,en;q=0.9",
  "cookie": "logInFailed=true; loginFailed=false,Expires=Thu, 01 Jan 1970 00:00:00 GMT; sessionid=1515147087437"
}
COOKIES=> {
  "logInFailed": "true",
  "loginFailed": "false,Expires",
  "sessionid": "1515147087437"
}
BODY=> undefined
------------------------------
Fri Jan 05 2018 4:53:35 PM
GET /login
HEADERS=> {
  "host": "localhost:5000",
  "connection": "keep-alive",
  "user-agent": "Mozilla/5.0 (Macintosh; Intel Mac OS X 10_12_6) AppleWebKit/537.36 (KHTML, like Gecko) Chrome/63.0.3239.84 Safari/537.36",
  "upgrade-insecure-requests": "1",
  "accept": "text/html,application/xhtml+xml,application/xml;q=0.9,image/webp,image/apng,*/*;q=0.8",
  "accept-encoding": "gzip, deflate, br",
  "accept-language": "en-US,en;q=0.9",
  "cookie": "logInFailed=true; loginFailed=false,Expires=Thu, 01 Jan 1970 00:00:00 GMT; sessionid=1515147087437"
}
COOKIES=> {
  "logInFailed": "true",
  "loginFailed": "false,Expires",
  "sessionid": "1515147087437"
}
BODY=> undefined
------------------------------
Fri Jan 05 2018 4:54:05 PM
GET /login
HEADERS=> {
  "host": "localhost:5000",
  "connection": "keep-alive",
  "pragma": "no-cache",
  "cache-control": "no-cache",
  "upgrade-insecure-requests": "1",
  "user-agent": "Mozilla/5.0 (Macintosh; Intel Mac OS X 10_12_6) AppleWebKit/537.36 (KHTML, like Gecko) Chrome/63.0.3239.84 Safari/537.36",
  "accept": "text/html,application/xhtml+xml,application/xml;q=0.9,image/webp,image/apng,*/*;q=0.8",
  "accept-encoding": "gzip, deflate, br",
  "accept-language": "en-US,en;q=0.9",
  "cookie": "logInFailed=true; loginFailed=false,Expires=Thu, 01 Jan 1970 00:00:00 GMT; sessionid=1515147087437"
}
COOKIES=> {
  "logInFailed": "true",
  "loginFailed": "false,Expires",
  "sessionid": "1515147087437"
}
BODY=> undefined
------------------------------
Fri Jan 05 2018 4:56:23 PM
GET /login
HEADERS=> {
  "host": "localhost:5000",
  "connection": "keep-alive",
  "cache-control": "max-age=0",
  "upgrade-insecure-requests": "1",
  "user-agent": "Mozilla/5.0 (Macintosh; Intel Mac OS X 10_12_6) AppleWebKit/537.36 (KHTML, like Gecko) Chrome/63.0.3239.84 Safari/537.36",
  "accept": "text/html,application/xhtml+xml,application/xml;q=0.9,image/webp,image/apng,*/*;q=0.8",
  "accept-encoding": "gzip, deflate, br",
  "accept-language": "en-US,en;q=0.9",
  "cookie": "logInFailed=true; loginFailed=false,Expires=Thu, 01 Jan 1970 00:00:00 GMT; sessionid=1515147087437"
}
COOKIES=> {
  "logInFailed": "true",
  "loginFailed": "false,Expires",
  "sessionid": "1515147087437"
}
BODY=> undefined
